Determining if the pthread_create exist failed with the following output:
Change Dir: /home/udacity-workspace-backup/catkin_ws/build/CMakeFiles/CMakeTmp

Run Build Command:"/usr/bin/make" "cmTC_ff0dd/fast"
/usr/bin/make -f CMakeFiles/cmTC_ff0dd.dir/build.make CMakeFiles/cmTC_ff0dd.dir/build
make[1]: Entering directory '/home/udacity-workspace-backup/catkin_ws/build/CMakeFiles/CMakeTmp'
Building C object CMakeFiles/cmTC_ff0dd.dir/CheckSymbolExists.c.o
/usr/bin/cc    -o CMakeFiles/cmTC_ff0dd.dir/CheckSymbolExists.c.o   -c /home/udacity-workspace-backup/catkin_ws/build/CMakeFiles/CMakeTmp/CheckSymbolExists.c
Linking C executable cmTC_ff0dd
/usr/local/bin/cmake -E cmake_link_script CMakeFiles/cmTC_ff0dd.dir/link.txt --verbose=1
/usr/bin/cc      -rdynamic CMakeFiles/cmTC_ff0dd.dir/CheckSymbolExists.c.o  -o cmTC_ff0dd 
CMakeFiles/cmTC_ff0dd.dir/CheckSymbolExists.c.o: In function `main':
CheckSymbolExists.c:(.text+0x16): undefined reference to `pthread_create'
collect2: error: ld returned 1 exit status
CMakeFiles/cmTC_ff0dd.dir/build.make:86: recipe for target 'cmTC_ff0dd' failed
make[1]: *** [cmTC_ff0dd] Error 1
make[1]: Leaving directory '/home/udacity-workspace-backup/catkin_ws/build/CMakeFiles/CMakeTmp'
Makefile:121: recipe for target 'cmTC_ff0dd/fast' failed
make: *** [cmTC_ff0dd/fast] Error 2

File /home/udacity-workspace-backup/catkin_ws/build/CMakeFiles/CMakeTmp/CheckSymbolExists.c:
/* */
#include <pthread.h>

int main(int argc, char** argv)
{
  (void)argv;
#ifndef pthread_create
  return ((int*)(&pthread_create))[argc];
#else
  (void)argc;
  return 0;
#endif
}

Determining if the function pthread_create exists in the pthreads failed with the following output:
Change Dir: /home/udacity-workspace-backup/catkin_ws/build/CMakeFiles/CMakeTmp

Run Build Command:"/usr/bin/make" "cmTC_22dac/fast"
/usr/bin/make -f CMakeFiles/cmTC_22dac.dir/build.make CMakeFiles/cmTC_22dac.dir/build
make[1]: Entering directory '/home/udacity-workspace-backup/catkin_ws/build/CMakeFiles/CMakeTmp'
Building C object CMakeFiles/cmTC_22dac.dir/CheckFunctionExists.c.o
/usr/bin/cc   -DCHECK_FUNCTION_EXISTS=pthread_create   -o CMakeFiles/cmTC_22dac.dir/CheckFunctionExists.c.o   -c /usr/local/share/cmake-3.13/Modules/CheckFunctionExists.c
Linking C executable cmTC_22dac
/usr/local/bin/cmake -E cmake_link_script CMakeFiles/cmTC_22dac.dir/link.txt --verbose=1
/usr/bin/cc  -DCHECK_FUNCTION_EXISTS=pthread_create    -rdynamic CMakeFiles/cmTC_22dac.dir/CheckFunctionExists.c.o  -o cmTC_22dac -lpthreads 
/usr/bin/ld: cannot find -lpthreads
collect2: error: ld returned 1 exit status
CMakeFiles/cmTC_22dac.dir/build.make:86: recipe for target 'cmTC_22dac' failed
make[1]: *** [cmTC_22dac] Error 1
make[1]: Leaving directory '/home/udacity-workspace-backup/catkin_ws/build/CMakeFiles/CMakeTmp'
Makefile:121: recipe for target 'cmTC_22dac/fast' failed
make: *** [cmTC_22dac/fast] Error 2


