Determining if the pthread_create exist failed with the following output:
Change Dir: /home/udacity-workspace-backup/catkin_ws_p7_v1/build/CMakeFiles/CMakeTmp

Run Build Command:"/usr/bin/make" "cmTC_6e58c/fast"
/usr/bin/make -f CMakeFiles/cmTC_6e58c.dir/build.make CMakeFiles/cmTC_6e58c.dir/build
make[1]: Entering directory '/home/udacity-workspace-backup/catkin_ws_p7_v1/build/CMakeFiles/CMakeTmp'
Building C object CMakeFiles/cmTC_6e58c.dir/CheckSymbolExists.c.o
/usr/bin/cc    -o CMakeFiles/cmTC_6e58c.dir/CheckSymbolExists.c.o   -c /home/udacity-workspace-backup/catkin_ws_p7_v1/build/CMakeFiles/CMakeTmp/CheckSymbolExists.c
Linking C executable cmTC_6e58c
/usr/local/bin/cmake -E cmake_link_script CMakeFiles/cmTC_6e58c.dir/link.txt --verbose=1
/usr/bin/cc      -rdynamic CMakeFiles/cmTC_6e58c.dir/CheckSymbolExists.c.o  -o cmTC_6e58c 
CMakeFiles/cmTC_6e58c.dir/CheckSymbolExists.c.o: In function `main':
CheckSymbolExists.c:(.text+0x16): undefined reference to `pthread_create'
collect2: error: ld returned 1 exit status
CMakeFiles/cmTC_6e58c.dir/build.make:86: recipe for target 'cmTC_6e58c' failed
make[1]: *** [cmTC_6e58c] Error 1
make[1]: Leaving directory '/home/udacity-workspace-backup/catkin_ws_p7_v1/build/CMakeFiles/CMakeTmp'
Makefile:121: recipe for target 'cmTC_6e58c/fast' failed
make: *** [cmTC_6e58c/fast] Error 2

File /home/udacity-workspace-backup/catkin_ws_p7_v1/build/CMakeFiles/CMakeTmp/CheckSymbolExists.c:
/* */
#include <pthread.h>

int main(int argc, char** argv)
{
  (void)argv;
#ifndef pthread_create
  return ((int*)(&pthread_create))[argc];
#else
  (void)argc;
  return 0;
#endif
}

Determining if the function pthread_create exists in the pthreads failed with the following output:
Change Dir: /home/udacity-workspace-backup/catkin_ws_p7_v1/build/CMakeFiles/CMakeTmp

Run Build Command:"/usr/bin/make" "cmTC_709ab/fast"
/usr/bin/make -f CMakeFiles/cmTC_709ab.dir/build.make CMakeFiles/cmTC_709ab.dir/build
make[1]: Entering directory '/home/udacity-workspace-backup/catkin_ws_p7_v1/build/CMakeFiles/CMakeTmp'
Building C object CMakeFiles/cmTC_709ab.dir/CheckFunctionExists.c.o
/usr/bin/cc   -DCHECK_FUNCTION_EXISTS=pthread_create   -o CMakeFiles/cmTC_709ab.dir/CheckFunctionExists.c.o   -c /usr/local/share/cmake-3.13/Modules/CheckFunctionExists.c
Linking C executable cmTC_709ab
/usr/local/bin/cmake -E cmake_link_script CMakeFiles/cmTC_709ab.dir/link.txt --verbose=1
/usr/bin/cc  -DCHECK_FUNCTION_EXISTS=pthread_create    -rdynamic CMakeFiles/cmTC_709ab.dir/CheckFunctionExists.c.o  -o cmTC_709ab -lpthreads 
/usr/bin/ld: cannot find -lpthreads
collect2: error: ld returned 1 exit status
CMakeFiles/cmTC_709ab.dir/build.make:86: recipe for target 'cmTC_709ab' failed
make[1]: *** [cmTC_709ab] Error 1
make[1]: Leaving directory '/home/udacity-workspace-backup/catkin_ws_p7_v1/build/CMakeFiles/CMakeTmp'
Makefile:121: recipe for target 'cmTC_709ab/fast' failed
make: *** [cmTC_709ab/fast] Error 2


